2026-05-25 11:39:40,801 [INFO] docker_manager: Esperando a que Docker arranque...
2026-05-25 11:40:01,872 [INFO] docker_manager: Docker listo.
2026-05-25 11:40:03,733 [INFO] docker_manager: octolab-kali reanudado.
2026-05-25 11:40:04,332 [INFO] docker_manager: octolab-metasploitable lanzado.
2026-05-25 11:53:02,016 [INFO] docker_manager: Esperando a que Docker arranque...
2026-05-25 11:53:02,265 [INFO] docker_manager: Docker listo.
2026-05-25 12:01:56,295 [INFO] docker_manager: Esperando a que Docker arranque...
2026-05-25 12:01:56,362 [INFO] docker_manager: Docker listo.
2026-05-25 12:03:48,374 [INFO] docker_manager: Esperando a que Docker arranque...
2026-05-25 12:03:48,466 [INFO] docker_manager: Docker listo.
2026-05-25 12:04:02,825 [INFO] docker_manager: octolab-kali reanudado.
2026-05-25 12:04:12,277 [INFO] docker_manager: octolab-metasploitable reanudado.
2026-05-25 12:14:11,137 [INFO] docker_manager: Esperando a que Docker arranque...
2026-05-25 12:14:11,203 [INFO] docker_manager: Docker listo.
2026-05-25 12:14:40,193 [INFO] docker_manager: Esperando a que Docker arranque...
2026-05-25 12:14:40,266 [INFO] docker_manager: Docker listo.
2026-05-25 12:20:54,725 [INFO] docker_manager: Esperando a que Docker arranque...
2026-05-25 12:20:54,793 [INFO] docker_manager: Docker listo.
2026-05-25 12:28:43,684 [INFO] docker_manager: Esperando a que Docker arranque...
2026-05-25 12:28:43,731 [INFO] docker_manager: Docker listo.
2026-05-25 12:30:00,828 [INFO] docker_manager: Esperando a que Docker arranque...
2026-05-25 12:30:00,894 [INFO] docker_manager: Docker listo.
2026-05-25 12:30:43,813 [INFO] docker_manager: Esperando a que Docker arranque...
2026-05-25 12:30:43,889 [INFO] docker_manager: Docker listo.
2026-05-25 12:32:20,547 [INFO] docker_manager: Esperando a que Docker arranque...
2026-05-25 12:32:20,599 [INFO] docker_manager: Docker listo.
2026-05-25 12:34:07,205 [INFO] docker_manager: octolab-kali reanudado.
2026-05-25 12:34:20,712 [INFO] docker_manager: octolab-metasploitable reanudado.
2026-05-25 12:34:57,362 [INFO] docker_manager: Esperando a que Docker arranque...
2026-05-25 12:34:57,420 [INFO] docker_manager: Docker listo.
2026-05-25 12:37:05,130 [INFO] docker_manager: Esperando a que Docker arranque...
2026-05-25 12:37:05,372 [INFO] docker_manager: Docker listo.
2026-05-25 12:37:22,309 [INFO] docker_manager: Esperando a que Docker arranque...
2026-05-25 12:37:22,363 [INFO] docker_manager: Docker listo.
2026-05-25 12:39:24,947 [INFO] docker_manager: Esperando a que Docker arranque...
2026-05-25 12:39:25,009 [INFO] docker_manager: Docker listo.
2026-05-25 12:46:42,077 [INFO] docker_manager: Esperando a que Docker arranque...
2026-05-25 12:46:42,151 [INFO] docker_manager: Docker listo.
2026-05-25 12:46:51,289 [INFO] docker_manager: octolab-kali reanudado.
2026-05-25 12:49:24,129 [INFO] docker_manager: Esperando a que Docker arranque...
2026-05-25 12:49:24,202 [INFO] docker_manager: Docker listo.
2026-05-25 12:50:55,010 [INFO] docker_manager: Esperando a que Docker arranque...
2026-05-25 12:50:55,075 [INFO] docker_manager: Docker listo.
2026-05-25 12:51:57,392 [INFO] docker_manager: Esperando a que Docker arranque...
2026-05-25 12:51:57,441 [INFO] docker_manager: Docker listo.
2026-05-25 13:11:46,108 [INFO] docker_manager: Esperando a que Docker arranque...
2026-05-25 13:11:46,170 [INFO] docker_manager: Docker listo.
2026-05-25 13:17:18,404 [INFO] docker_manager: Esperando a que Docker arranque...
2026-05-25 13:17:18,464 [INFO] docker_manager: Docker listo.
2026-05-25 13:25:00,293 [INFO] docker_manager: Esperando a que Docker arranque...
2026-05-25 13:25:00,396 [INFO] docker_manager: Docker listo.
2026-05-25 13:31:18,686 [INFO] docker_manager: Esperando a que Docker arranque...
2026-05-25 13:31:18,801 [INFO] docker_manager: Docker listo.
2026-05-25 13:31:52,868 [INFO] docker_manager: octolab-kali reanudado.
2026-05-25 13:34:12,713 [INFO] docker_manager: Esperando a que Docker arranque...
2026-05-25 13:34:12,764 [INFO] docker_manager: Docker listo.
2026-05-25 13:36:00,799 [INFO] docker_manager: Esperando a que Docker arranque...
2026-05-25 13:36:00,877 [INFO] docker_manager: Docker listo.
2026-05-25 13:37:52,129 [INFO] docker_manager: octolab-kali reanudado.
2026-05-25 13:37:54,453 [INFO] docker_manager: octolab-metasploitable reanudado.
2026-05-25 13:38:19,561 [ERROR] docker_manager: Docker no disponible.
2026-05-25 13:38:20,864 [ERROR] docker_manager: Docker no disponible.
2026-05-25 13:42:02,892 [INFO] docker_manager: Esperando a que Docker arranque...
2026-05-25 13:42:18,190 [INFO] docker_manager: Docker listo.
